<?xml version="1.0" encoding="UTF-8"?>
<testsuite xmlns:xsi="http://www.w3.org/2001/XMLSchema-instance" xsi:noNamespaceSchemaLocation="https://maven.apache.org/surefire/maven-surefire-plugin/xsd/surefire-test-report-3.0.xsd" version="3.0" name="com.multipedidos.common.OperacionesNegocioTest" time="0.053" tests="13" errors="0" skipped="0" failures="0">
  <properties>
[...]
</properties>
  <testcase name="testValidarCodigo_CincoDigitos" classname="com.multipedidos.common.OperacionesNegocioTest" time="0.021"/>
  <testcase name="testCalcularTotalConIVA_SubtotalCero" classname="com.multipedidos.common.OperacionesNegocioTest" time="0.002"/>
  <testcase name="testCalcularTotalConIVA_SubtotalCien" classname="com.multipedidos.common.OperacionesNegocioTest" time="0.0"/>
  <testcase name="testAplicarDescuento_DiezPorciento" classname="com.multipedidos.common.OperacionesNegocioTest" time="0.0"/>
  <testcase name="testAplicarDescuento_CeroPorciento" classname="com.multipedidos.common.OperacionesNegocioTest" time="0.0"/>
  <testcase name="testValidarCodigo_CuatroLetras" classname="com.multipedidos.common.OperacionesNegocioTest" time="0.001"/>
  <testcase name="testValidarCodigo_FormatoValido" classname="com.multipedidos.common.OperacionesNegocioTest" time="0.001"/>
  <testcase name="testValidarCodigo_TresDigitos" classname="com.multipedidos.common.OperacionesNegocioTest" time="0.0"/>
  <testcase name="testAplicarDescuento_CincuentaPorciento" classname="com.multipedidos.common.OperacionesNegocioTest" time="0.0"/>
  <testcase name="testValidarCodigo_LetrasMinusculas" classname="com.multipedidos.common.OperacionesNegocioTest" time="0.001"/>
  <testcase name="testValidarCodigo_Null" classname="com.multipedidos.common.OperacionesNegocioTest" time="0.001"/>
  <testcase name="testValidarCodigo_DosLetras" classname="com.multipedidos.common.OperacionesNegocioTest" time="0.0"/>
  <testcase name="testValidarCodigo_SinGuion" classname="com.multipedidos.common.OperacionesNegocioTest" time="0.0"/>
</testsuite>